2019-11-30T07:59:09.4114160-06:00 0HLRLJG0AN5LI:00000003 [ERR] An unhandled exception has occurred while executing the request. (48a46595)
System.NullReferenceException: Object reference not set to an instance of an object.
   at MyMentor.API.DTOs.UserDTO..ctor(ApplicationUser applicationUser) in C:\Development\MyMentor-DataServices\MyMentor.API\DTOs\User.cs:line 29
   at MyMentor.API.DTOs.UserInfoDTO..ctor(ApplicationUser user) in C:\Development\MyMentor-DataServices\MyMentor.API\DTOs\UserInfo.cs:line 20
   at MyMentor.API.Controllers.StudentMentorController.RequestMentorship(String mentorUserId, String studentUserId) in C:\Development\MyMentor-DataServices\MyMentor.API\Controllers\StudentMentorController.cs:line 62
   at lambda_method(Closure , Object , Object[] )
   at Microsoft.Extensions.Internal.ObjectMethodExecutor.Execute(Object target, Object[] parameters)
   at Microsoft.AspNetCore.Mvc.Infrastructure.ActionMethodExecutor.SyncObjectResultExecutor.Execute(IActionResultTypeMapper mapper, ObjectMethodExecutor executor, Object controller, Object[] arguments)
   at Microsoft.AspNetCore.Mvc.Infrastructure.ControllerActionInvoker.InvokeActionMethodAsync()
   at Microsoft.AspNetCore.Mvc.Infrastructure.ControllerActionInvoker.Next(State& next, Scope& scope, Object& state, Boolean& isCompleted)
   at Microsoft.AspNetCore.Mvc.Infrastructure.ControllerActionInvoker.InvokeNextActionFilterAsync()
--- End of stack trace from previous location where exception was thrown ---
   at Microsoft.AspNetCore.Mvc.Infrastructure.ControllerActionInvoker.Rethrow(ActionExecutedContextSealed context)
   at Microsoft.AspNetCore.Mvc.Infrastructure.ControllerActionInvoker.Next(State& next, Scope& scope, Object& state, Boolean& isCompleted)
   at Microsoft.AspNetCore.Mvc.Infrastructure.ControllerActionInvoker.InvokeInnerFilterAsync()
--- End of stack trace from previous location where exception was thrown ---
   at Microsoft.AspNetCore.Mvc.Infrastructure.ResourceInvoker.<InvokeFilterPipelineAsync>g__Awaited|19_0(ResourceInvoker invoker, Task lastTask, State next, Scope scope, Object state, Boolean isCompleted)
   at Microsoft.AspNetCore.Mvc.Infrastructure.ResourceInvoker.<InvokeAsync>g__Awaited|17_0(ResourceInvoker invoker, Task task, IDisposable scope)
   at Microsoft.AspNetCore.Routing.EndpointMiddleware.<Invoke>g__AwaitRequestTask|6_0(Endpoint endpoint, Task requestTask, ILogger logger)
   at Microsoft.AspNetCore.Diagnostics.DeveloperExceptionPageMiddleware.Invoke(HttpContext context)
2019-11-30T08:29:07.0672194-06:00 0HLRLK4JMKPQ4:00000001 [ERR] An unhandled exception has occurred while executing the request. (48a46595)
System.NullReferenceException: Object reference not set to an instance of an object.
   at MyMentor.API.DTOs.UserDTO..ctor(ApplicationUser applicationUser) in C:\Development\MyMentor-DataServices\MyMentor.API\DTOs\User.cs:line 29
   at MyMentor.API.DTOs.UserInfoDTO..ctor(ApplicationUser user) in C:\Development\MyMentor-DataServices\MyMentor.API\DTOs\UserInfo.cs:line 20
   at MyMentor.API.Controllers.StudentMentorController.RequestMentorship(String mentorUserId, String studentUserId) in C:\Development\MyMentor-DataServices\MyMentor.API\Controllers\StudentMentorController.cs:line 63
   at lambda_method(Closure , Object , Object[] )
   at Microsoft.Extensions.Internal.ObjectMethodExecutor.Execute(Object target, Object[] parameters)
   at Microsoft.AspNetCore.Mvc.Infrastructure.ActionMethodExecutor.SyncObjectResultExecutor.Execute(IActionResultTypeMapper mapper, ObjectMethodExecutor executor, Object controller, Object[] arguments)
   at Microsoft.AspNetCore.Mvc.Infrastructure.ControllerActionInvoker.InvokeActionMethodAsync()
   at Microsoft.AspNetCore.Mvc.Infrastructure.ControllerActionInvoker.Next(State& next, Scope& scope, Object& state, Boolean& isCompleted)
   at Microsoft.AspNetCore.Mvc.Infrastructure.ControllerActionInvoker.InvokeNextActionFilterAsync()
--- End of stack trace from previous location where exception was thrown ---
   at Microsoft.AspNetCore.Mvc.Infrastructure.ControllerActionInvoker.Rethrow(ActionExecutedContextSealed context)
   at Microsoft.AspNetCore.Mvc.Infrastructure.ControllerActionInvoker.Next(State& next, Scope& scope, Object& state, Boolean& isCompleted)
   at Microsoft.AspNetCore.Mvc.Infrastructure.ControllerActionInvoker.InvokeInnerFilterAsync()
--- End of stack trace from previous location where exception was thrown ---
   at Microsoft.AspNetCore.Mvc.Infrastructure.ResourceInvoker.<InvokeFilterPipelineAsync>g__Awaited|19_0(ResourceInvoker invoker, Task lastTask, State next, Scope scope, Object state, Boolean isCompleted)
   at Microsoft.AspNetCore.Mvc.Infrastructure.ResourceInvoker.<InvokeAsync>g__Awaited|17_0(ResourceInvoker invoker, Task task, IDisposable scope)
   at Microsoft.AspNetCore.Routing.EndpointMiddleware.<Invoke>g__AwaitRequestTask|6_0(Endpoint endpoint, Task requestTask, ILogger logger)
   at Microsoft.AspNetCore.Diagnostics.DeveloperExceptionPageMiddleware.Invoke(HttpContext context)
2019-11-30T08:39:19.1045869-06:00 0HLRLKBOSAIPH:00000001 [ERR] An unhandled exception has occurred while executing the request. (48a46595)
System.NullReferenceException: Object reference not set to an instance of an object.
   at MyMentor.API.DTOs.UserDTO..ctor(ApplicationUser applicationUser) in C:\Development\MyMentor-DataServices\MyMentor.API\DTOs\User.cs:line 29
   at MyMentor.API.DTOs.UserInfoDTO..ctor(ApplicationUser user) in C:\Development\MyMentor-DataServices\MyMentor.API\DTOs\UserInfo.cs:line 20
   at MyMentor.API.Controllers.StudentMentorController.RequestMentorship(String mentorUserId, String studentUserId) in C:\Development\MyMentor-DataServices\MyMentor.API\Controllers\StudentMentorController.cs:line 63
   at lambda_method(Closure , Object , Object[] )
   at Microsoft.Extensions.Internal.ObjectMethodExecutor.Execute(Object target, Object[] parameters)
   at Microsoft.AspNetCore.Mvc.Infrastructure.ActionMethodExecutor.SyncObjectResultExecutor.Execute(IActionResultTypeMapper mapper, ObjectMethodExecutor executor, Object controller, Object[] arguments)
   at Microsoft.AspNetCore.Mvc.Infrastructure.ControllerActionInvoker.InvokeActionMethodAsync()
   at Microsoft.AspNetCore.Mvc.Infrastructure.ControllerActionInvoker.Next(State& next, Scope& scope, Object& state, Boolean& isCompleted)
   at Microsoft.AspNetCore.Mvc.Infrastructure.ControllerActionInvoker.InvokeNextActionFilterAsync()
--- End of stack trace from previous location where exception was thrown ---
   at Microsoft.AspNetCore.Mvc.Infrastructure.ControllerActionInvoker.Rethrow(ActionExecutedContextSealed context)
   at Microsoft.AspNetCore.Mvc.Infrastructure.ControllerActionInvoker.Next(State& next, Scope& scope, Object& state, Boolean& isCompleted)
   at Microsoft.AspNetCore.Mvc.Infrastructure.ControllerActionInvoker.InvokeInnerFilterAsync()
--- End of stack trace from previous location where exception was thrown ---
   at Microsoft.AspNetCore.Mvc.Infrastructure.ResourceInvoker.<InvokeFilterPipelineAsync>g__Awaited|19_0(ResourceInvoker invoker, Task lastTask, State next, Scope scope, Object state, Boolean isCompleted)
   at Microsoft.AspNetCore.Mvc.Infrastructure.ResourceInvoker.<InvokeAsync>g__Awaited|17_0(ResourceInvoker invoker, Task task, IDisposable scope)
   at Microsoft.AspNetCore.Routing.EndpointMiddleware.<Invoke>g__AwaitRequestTask|6_0(Endpoint endpoint, Task requestTask, ILogger logger)
   at Microsoft.AspNetCore.Diagnostics.DeveloperExceptionPageMiddleware.Invoke(HttpContext context)
2019-11-30T08:49:47.6688018-06:00 0HLRLKH7E9MJK:00000001 [ERR] An unhandled exception has occurred while executing the request. (48a46595)
System.NullReferenceException: Object reference not set to an instance of an object.
   at MyMentor.API.DTOs.UserDTO..ctor(ApplicationUser applicationUser) in C:\Development\MyMentor-DataServices\MyMentor.API\DTOs\User.cs:line 29
   at MyMentor.API.DTOs.UserInfoDTO..ctor(ApplicationUser user) in C:\Development\MyMentor-DataServices\MyMentor.API\DTOs\UserInfo.cs:line 20
   at MyMentor.API.Controllers.StudentMentorController.RequestMentorship(String mentorUserId, String studentUserId) in C:\Development\MyMentor-DataServices\MyMentor.API\Controllers\StudentMentorController.cs:line 63
   at lambda_method(Closure , Object , Object[] )
   at Microsoft.Extensions.Internal.ObjectMethodExecutor.Execute(Object target, Object[] parameters)
   at Microsoft.AspNetCore.Mvc.Infrastructure.ActionMethodExecutor.SyncObjectResultExecutor.Execute(IActionResultTypeMapper mapper, ObjectMethodExecutor executor, Object controller, Object[] arguments)
   at Microsoft.AspNetCore.Mvc.Infrastructure.ControllerActionInvoker.InvokeActionMethodAsync()
   at Microsoft.AspNetCore.Mvc.Infrastructure.ControllerActionInvoker.Next(State& next, Scope& scope, Object& state, Boolean& isCompleted)
   at Microsoft.AspNetCore.Mvc.Infrastructure.ControllerActionInvoker.InvokeNextActionFilterAsync()
--- End of stack trace from previous location where exception was thrown ---
   at Microsoft.AspNetCore.Mvc.Infrastructure.ControllerActionInvoker.Rethrow(ActionExecutedContextSealed context)
   at Microsoft.AspNetCore.Mvc.Infrastructure.ControllerActionInvoker.Next(State& next, Scope& scope, Object& state, Boolean& isCompleted)
   at Microsoft.AspNetCore.Mvc.Infrastructure.ControllerActionInvoker.InvokeInnerFilterAsync()
--- End of stack trace from previous location where exception was thrown ---
   at Microsoft.AspNetCore.Mvc.Infrastructure.ResourceInvoker.<InvokeFilterPipelineAsync>g__Awaited|19_0(ResourceInvoker invoker, Task lastTask, State next, Scope scope, Object state, Boolean isCompleted)
   at Microsoft.AspNetCore.Mvc.Infrastructure.ResourceInvoker.<InvokeAsync>g__Awaited|17_0(ResourceInvoker invoker, Task task, IDisposable scope)
   at Microsoft.AspNetCore.Routing.EndpointMiddleware.<Invoke>g__AwaitRequestTask|6_0(Endpoint endpoint, Task requestTask, ILogger logger)
   at Microsoft.AspNetCore.Diagnostics.DeveloperExceptionPageMiddleware.Invoke(HttpContext context)
2019-11-30T09:07:54.4495489-06:00 0HLRLKS1GE2KQ:00000001 [ERR] An unhandled exception has occurred while executing the request. (48a46595)
System.NullReferenceException: Object reference not set to an instance of an object.
   at MyMentor.API.DTOs.UserDTO..ctor(ApplicationUser applicationUser) in C:\Development\MyMentor-DataServices\MyMentor.API\DTOs\User.cs:line 29
   at MyMentor.API.DTOs.UserInfoDTO..ctor(ApplicationUser user) in C:\Development\MyMentor-DataServices\MyMentor.API\DTOs\UserInfo.cs:line 20
   at MyMentor.API.Controllers.StudentMentorController.RequestMentorship(String mentorUserId, String studentUserId) in C:\Development\MyMentor-DataServices\MyMentor.API\Controllers\StudentMentorController.cs:line 63
   at lambda_method(Closure , Object , Object[] )
   at Microsoft.Extensions.Internal.ObjectMethodExecutor.Execute(Object target, Object[] parameters)
   at Microsoft.AspNetCore.Mvc.Infrastructure.ActionMethodExecutor.SyncObjectResultExecutor.Execute(IActionResultTypeMapper mapper, ObjectMethodExecutor executor, Object controller, Object[] arguments)
   at Microsoft.AspNetCore.Mvc.Infrastructure.ControllerActionInvoker.InvokeActionMethodAsync()
   at Microsoft.AspNetCore.Mvc.Infrastructure.ControllerActionInvoker.Next(State& next, Scope& scope, Object& state, Boolean& isCompleted)
   at Microsoft.AspNetCore.Mvc.Infrastructure.ControllerActionInvoker.InvokeNextActionFilterAsync()
--- End of stack trace from previous location where exception was thrown ---
   at Microsoft.AspNetCore.Mvc.Infrastructure.ControllerActionInvoker.Rethrow(ActionExecutedContextSealed context)
   at Microsoft.AspNetCore.Mvc.Infrastructure.ControllerActionInvoker.Next(State& next, Scope& scope, Object& state, Boolean& isCompleted)
   at Microsoft.AspNetCore.Mvc.Infrastructure.ControllerActionInvoker.InvokeInnerFilterAsync()
--- End of stack trace from previous location where exception was thrown ---
   at Microsoft.AspNetCore.Mvc.Infrastructure.ResourceInvoker.<InvokeFilterPipelineAsync>g__Awaited|19_0(ResourceInvoker invoker, Task lastTask, State next, Scope scope, Object state, Boolean isCompleted)
   at Microsoft.AspNetCore.Mvc.Infrastructure.ResourceInvoker.<InvokeAsync>g__Awaited|17_0(ResourceInvoker invoker, Task task, IDisposable scope)
   at Microsoft.AspNetCore.Routing.EndpointMiddleware.<Invoke>g__AwaitRequestTask|6_0(Endpoint endpoint, Task requestTask, ILogger logger)
   at Microsoft.AspNetCore.Diagnostics.DeveloperExceptionPageMiddleware.Invoke(HttpContext context)
2019-11-30T09:10:09.3940697-06:00 0HLRLKS1GE2KQ:00000003 [ERR] An unhandled exception has occurred while executing the request. (48a46595)
System.NullReferenceException: Object reference not set to an instance of an object.
   at MyMentor.API.DTOs.UserDTO..ctor(ApplicationUser applicationUser) in C:\Development\MyMentor-DataServices\MyMentor.API\DTOs\User.cs:line 29
   at MyMentor.API.DTOs.UserInfoDTO..ctor(ApplicationUser user) in C:\Development\MyMentor-DataServices\MyMentor.API\DTOs\UserInfo.cs:line 20
   at MyMentor.API.Controllers.StudentMentorController.RequestMentorship(String mentorUserId, String studentUserId) in C:\Development\MyMentor-DataServices\MyMentor.API\Controllers\StudentMentorController.cs:line 63
   at lambda_method(Closure , Object , Object[] )
   at Microsoft.Extensions.Internal.ObjectMethodExecutor.Execute(Object target, Object[] parameters)
   at Microsoft.AspNetCore.Mvc.Infrastructure.ActionMethodExecutor.SyncObjectResultExecutor.Execute(IActionResultTypeMapper mapper, ObjectMethodExecutor executor, Object controller, Object[] arguments)
   at Microsoft.AspNetCore.Mvc.Infrastructure.ControllerActionInvoker.InvokeActionMethodAsync()
   at Microsoft.AspNetCore.Mvc.Infrastructure.ControllerActionInvoker.Next(State& next, Scope& scope, Object& state, Boolean& isCompleted)
   at Microsoft.AspNetCore.Mvc.Infrastructure.ControllerActionInvoker.InvokeNextActionFilterAsync()
--- End of stack trace from previous location where exception was thrown ---
   at Microsoft.AspNetCore.Mvc.Infrastructure.ControllerActionInvoker.Rethrow(ActionExecutedContextSealed context)
   at Microsoft.AspNetCore.Mvc.Infrastructure.ControllerActionInvoker.Next(State& next, Scope& scope, Object& state, Boolean& isCompleted)
   at Microsoft.AspNetCore.Mvc.Infrastructure.ControllerActionInvoker.InvokeInnerFilterAsync()
--- End of stack trace from previous location where exception was thrown ---
   at Microsoft.AspNetCore.Mvc.Infrastructure.ResourceInvoker.<InvokeFilterPipelineAsync>g__Awaited|19_0(ResourceInvoker invoker, Task lastTask, State next, Scope scope, Object state, Boolean isCompleted)
   at Microsoft.AspNetCore.Mvc.Infrastructure.ResourceInvoker.<InvokeAsync>g__Awaited|17_0(ResourceInvoker invoker, Task task, IDisposable scope)
   at Microsoft.AspNetCore.Routing.EndpointMiddleware.<Invoke>g__AwaitRequestTask|6_0(Endpoint endpoint, Task requestTask, ILogger logger)
   at Microsoft.AspNetCore.Diagnostics.DeveloperExceptionPageMiddleware.Invoke(HttpContext context)
2019-11-30T09:10:45.9964843-06:00 0HLRLKS1GE2KQ:00000005 [ERR] An unhandled exception has occurred while executing the request. (48a46595)
System.NullReferenceException: Object reference not set to an instance of an object.
   at MyMentor.API.DTOs.AcademicInterestDTO..ctor(AcademicInterest academicInterest) in C:\Development\MyMentor-DataServices\MyMentor.API\DTOs\UserInfo.cs:line 35
   at MyMentor.API.DTOs.UserInfoDTO.<>c.<.ctor>b__9_0(UserInterest ui) in C:\Development\MyMentor-DataServices\MyMentor.API\DTOs\UserInfo.cs:line 21
   at System.Linq.Enumerable.SelectEnumerableIterator`2.ToList()
   at System.Linq.Enumerable.ToList[TSource](IEnumerable`1 source)
   at MyMentor.API.DTOs.UserInfoDTO..ctor(ApplicationUser user) in C:\Development\MyMentor-DataServices\MyMentor.API\DTOs\UserInfo.cs:line 21
   at MyMentor.API.Controllers.StudentMentorController.RequestMentorship(String mentorUserId, String studentUserId) in C:\Development\MyMentor-DataServices\MyMentor.API\Controllers\StudentMentorController.cs:line 63
   at lambda_method(Closure , Object , Object[] )
   at Microsoft.Extensions.Internal.ObjectMethodExecutor.Execute(Object target, Object[] parameters)
   at Microsoft.AspNetCore.Mvc.Infrastructure.ActionMethodExecutor.SyncObjectResultExecutor.Execute(IActionResultTypeMapper mapper, ObjectMethodExecutor executor, Object controller, Object[] arguments)
   at Microsoft.AspNetCore.Mvc.Infrastructure.ControllerActionInvoker.InvokeActionMethodAsync()
   at Microsoft.AspNetCore.Mvc.Infrastructure.ControllerActionInvoker.Next(State& next, Scope& scope, Object& state, Boolean& isCompleted)
   at Microsoft.AspNetCore.Mvc.Infrastructure.ControllerActionInvoker.InvokeNextActionFilterAsync()
--- End of stack trace from previous location where exception was thrown ---
   at Microsoft.AspNetCore.Mvc.Infrastructure.ControllerActionInvoker.Rethrow(ActionExecutedContextSealed context)
   at Microsoft.AspNetCore.Mvc.Infrastructure.ControllerActionInvoker.Next(State& next, Scope& scope, Object& state, Boolean& isCompleted)
   at Microsoft.AspNetCore.Mvc.Infrastructure.ControllerActionInvoker.InvokeInnerFilterAsync()
--- End of stack trace from previous location where exception was thrown ---
   at Microsoft.AspNetCore.Mvc.Infrastructure.ResourceInvoker.<InvokeFilterPipelineAsync>g__Awaited|19_0(ResourceInvoker invoker, Task lastTask, State next, Scope scope, Object state, Boolean isCompleted)
   at Microsoft.AspNetCore.Mvc.Infrastructure.ResourceInvoker.<InvokeAsync>g__Awaited|17_0(ResourceInvoker invoker, Task task, IDisposable scope)
   at Microsoft.AspNetCore.Routing.EndpointMiddleware.<Invoke>g__AwaitRequestTask|6_0(Endpoint endpoint, Task requestTask, ILogger logger)
   at Microsoft.AspNetCore.Diagnostics.DeveloperExceptionPageMiddleware.Invoke(HttpContext context)
2019-11-30T17:19:04.6173319-06:00  [ERR] Failed executing DbCommand ("23"ms) [Parameters=[""], CommandType='Text', CommandTimeout='30']"
""CREATE TABLE [AspNetRoles] (
    [Id] nvarchar(450) NOT NULL,
    [Name] nvarchar(256) NULL,
    [NormalizedName] nvarchar(256) NULL,
    [ConcurrencyStamp] nvarchar(max) NULL,
    [Description] nvarchar(max) NULL,
    [CreatedBy] nvarchar(max) NULL,
    [UpdatedBy] nvarchar(max) NULL,
    [CreatedDate] datetime2 NOT NULL,
    [UpdatedDate] datetime2 NOT NULL,
    CONSTRAINT [PK_AspNetRoles] PRIMARY KEY ([Id])
);" (627a98df)
2019-11-30T17:19:05.0613965-06:00  [FTL] Error whilst creating and seeding database (944fb156)
System.AggregateException: One or more errors occurred. (There is already an object named 'AspNetRoles' in the database.)
 ---> Microsoft.Data.SqlClient.SqlException (0x80131904): There is already an object named 'AspNetRoles' in the database.
   at Microsoft.Data.SqlClient.SqlConnection.OnError(SqlException exception, Boolean breakConnection, Action`1 wrapCloseInAction)
   at Microsoft.Data.SqlClient.SqlInternalConnection.OnError(SqlException exception, Boolean breakConnection, Action`1 wrapCloseInAction)
   at Microsoft.Data.SqlClient.TdsParser.ThrowExceptionAndWarning(TdsParserStateObject stateObj, Boolean callerHasConnectionLock, Boolean asyncClose)
   at Microsoft.Data.SqlClient.TdsParser.TryRun(RunBehavior runBehavior, SqlCommand cmdHandler, SqlDataReader dataStream, BulkCopySimpleResultSet bulkCopyHandler, TdsParserStateObject stateObj, Boolean& dataReady)
   at Microsoft.Data.SqlClient.SqlCommand.InternalEndExecuteNonQuery(IAsyncResult asyncResult, Boolean isInternal, String endMethod)
   at Microsoft.Data.SqlClient.SqlCommand.EndExecuteNonQueryInternal(IAsyncResult asyncResult)
   at Microsoft.Data.SqlClient.SqlCommand.EndExecuteNonQueryAsync(IAsyncResult asyncResult)
   at System.Threading.Tasks.TaskFactory`1.FromAsyncCoreLogic(IAsyncResult iar, Func`2 endFunction, Action`1 endAction, Task`1 promise, Boolean requiresSynchronization)
--- End of stack trace from previous location where exception was thrown ---
   at Microsoft.EntityFrameworkCore.Storage.RelationalCommand.ExecuteNonQueryAsync(RelationalCommandParameterObject parameterObject, CancellationToken cancellationToken)
   at Microsoft.EntityFrameworkCore.Storage.RelationalCommand.ExecuteNonQueryAsync(RelationalCommandParameterObject parameterObject, CancellationToken cancellationToken)
   at Microsoft.EntityFrameworkCore.Storage.RelationalCommand.ExecuteNonQueryAsync(RelationalCommandParameterObject parameterObject, CancellationToken cancellationToken)
   at Microsoft.EntityFrameworkCore.Migrations.Internal.MigrationCommandExecutor.ExecuteNonQueryAsync(IEnumerable`1 migrationCommands, IRelationalConnection connection, CancellationToken cancellationToken)
   at Microsoft.EntityFrameworkCore.Migrations.Internal.MigrationCommandExecutor.ExecuteNonQueryAsync(IEnumerable`1 migrationCommands, IRelationalConnection connection, CancellationToken cancellationToken)
   at Microsoft.EntityFrameworkCore.Migrations.Internal.MigrationCommandExecutor.ExecuteNonQueryAsync(IEnumerable`1 migrationCommands, IRelationalConnection connection, CancellationToken cancellationToken)
   at Microsoft.EntityFrameworkCore.Migrations.Internal.MigrationCommandExecutor.ExecuteNonQueryAsync(IEnumerable`1 migrationCommands, IRelationalConnection connection, CancellationToken cancellationToken)
   at Microsoft.EntityFrameworkCore.Migrations.Internal.Migrator.MigrateAsync(String targetMigration, CancellationToken cancellationToken)
   at MyMentor.DataAccessLayer.Repository.Database.DatabaseInitializer.SeedAsync() in C:\Development\MyMentorBackend\MyMentor.DataAccessLayer\Repository\Database\DatabaseInitializer.cs:line 38
ClientConnectionId:fbfb06c9-c454-4743-b459-2846a67f0dd3
Error Number:2714,State:6,Class:16
   --- End of inner exception stack trace ---
   at System.Threading.Tasks.Task.ThrowIfExceptional(Boolean includeTaskCanceledExceptions)
   at System.Threading.Tasks.Task.Wait(Int32 millisecondsTimeout, CancellationToken cancellationToken)
   at System.Threading.Tasks.Task.Wait()
   at MyMentor.API.Program.Main(String[] args) in C:\Development\MyMentorBackend\MyMentor.API\Program.cs:line 41
2019-11-30T17:20:08.8195411-06:00  [ERR] Failed executing DbCommand ("6"ms) [Parameters=[""], CommandType='Text', CommandTimeout='30']"
""CREATE TABLE [AspNetRoles] (
    [Id] nvarchar(450) NOT NULL,
    [Name] nvarchar(256) NULL,
    [NormalizedName] nvarchar(256) NULL,
    [ConcurrencyStamp] nvarchar(max) NULL,
    [Description] nvarchar(max) NULL,
    [CreatedBy] nvarchar(max) NULL,
    [UpdatedBy] nvarchar(max) NULL,
    [CreatedDate] datetime2 NOT NULL,
    [UpdatedDate] datetime2 NOT NULL,
    CONSTRAINT [PK_AspNetRoles] PRIMARY KEY ([Id])
);" (627a98df)
2019-11-30T17:22:45.6267640-06:00  [ERR] Failed executing DbCommand ("41"ms) [Parameters=[""], CommandType='Text', CommandTimeout='30']"
""CREATE TABLE [AspNetRoles] (
    [Id] nvarchar(450) NOT NULL,
    [Name] nvarchar(256) NULL,
    [NormalizedName] nvarchar(256) NULL,
    [ConcurrencyStamp] nvarchar(max) NULL,
    [Description] nvarchar(max) NULL,
    [CreatedBy] nvarchar(max) NULL,
    [UpdatedBy] nvarchar(max) NULL,
    [CreatedDate] datetime2 NOT NULL,
    [UpdatedDate] datetime2 NOT NULL,
    CONSTRAINT [PK_AspNetRoles] PRIMARY KEY ([Id])
);" (627a98df)
